********************
begin fetching client info
begin client db connection
2016-03-06
begin process to start new task  - 2016-03-06
fetching task details to start compliance for client id - 1, 2016-03-06
**********
[]
**********
 0 compliances started for - 2016-03-06
**********
[]
**********
********************
********************
current_date datetime  2016-03-06
begin fetching client info
begin client db connection
2016-03-06
begin process to start new task  - 2016-03-06
fetching task details to start compliance for client id - 1, 2016-03-06
**********
[]
**********
 0 compliances started for - 2016-03-06
**********
[]
**********
********************
********************
current_date datetime  2016-03-06
begin fetching client info
begin client db connection
2016-03-06
begin process to start new task  - 2016-03-06
fetching task details to start compliance for client id - 1, 2016-03-06
**********
[]
**********
 0 compliances started for - 2016-03-06
**********
[]
**********
********************
********************
current_date datetime  2016-03-06
begin fetching client info
begin client db connection
2016-03-06
begin process to start new task  - 2016-03-06
fetching task details to start compliance for client id - 1, 2016-03-06
**********
[]
**********
 0 compliances started for - 2016-03-06
**********
[]
**********
********************
